<?xml version="1.0" encoding="UTF-8" ?>
<testsuite failures="0" time="0.199" errors="0" skipped="0" tests="9" name="com.tony.pizza.domain.ToppingIntegrationTest">
  <properties>
    <property name="java.runtime.name" value="Java(TM) SE Runtime Environment"/>
    <property name="sun.boot.library.path" value="C:\Program Files\Java\jdk1.6.0_26\jre\bin"/>
    <property name="java.vm.version" value="20.1-b02"/>
    <property name="java.vm.vendor" value="Sun Microsystems Inc."/>
    <property name="java.vendor.url" value="http://java.sun.com/"/>
    <property name="path.separator" value=";"/>
    <property name="guice.disable.misplaced.annotation.check" value="true"/>
    <property name="java.vm.name" value="Java HotSpot(TM) 64-Bit Server VM"/>
    <property name="file.encoding.pkg" value="sun.io"/>
    <property name="user.country" value="CN"/>
    <property name="sun.java.launcher" value="SUN_STANDARD"/>
    <property name="sun.os.patch.level" value="Service Pack 1"/>
    <property name="java.vm.specification.name" value="Java Virtual Machine Specification"/>
    <property name="user.dir" value="C:\Users\LMS\workspace\pizza"/>
    <property name="java.runtime.version" value="1.6.0_26-b03"/>
    <property name="java.awt.graphicsenv" value="sun.awt.Win32GraphicsEnvironment"/>
    <property name="java.endorsed.dirs" value="C:\Program Files\Java\jdk1.6.0_26\jre\lib\endorsed"/>
    <property name="os.arch" value="amd64"/>
    <property name="java.io.tmpdir" value="C:\Users\LMS\AppData\Local\Temp\"/>
    <property name="line.separator" value="
"/>
    <property name="java.vm.specification.vendor" value="Sun Microsystems Inc."/>
    <property name="user.variant" value=""/>
    <property name="os.name" value="Windows 7"/>
    <property name="classworlds.conf" value="e:\apache-maven-3.0.3\bin\..\bin\m2.conf"/>
    <property name="sun.jnu.encoding" value="GBK"/>
    <property name="java.library.path" value="C:\Program Files\Java\jdk1.6.0_26\bin;C:\Windows\Sun\Java\bin;C:\Windows\system32;C:\Windows;C:\Program Files\Common Files\Microsoft Shared\Windows Live;C:\Program Files (x86)\Common Files\Microsoft Shared\Windows Live;D:\Subversion;C:\Program Files\Common Files\Microsoft Shared\Windows Live;C:\Program Files\IBM\Infoprint Select;C:\Program Files (x86)\IBM\Infoprint Select;C:\Program Files (x86)\Common Files\Microsoft Shared\Windows Live;C:\Windows\system32;C:\Windows;C:\Windows\System32\Wbem;C:\Windows\System32\WindowsPowerShell\v1.0\;C:\Program Files\Intel\WiFi\bin\;C:\Program Files\Common Files\Intel\WirelessCommon\;C:\Program Files\ThinkPad\Bluetooth Software\;C:\Program Files\ThinkPad\Bluetooth Software\syswow64;C:\Program Files\Broadcom\WHL\;C:\Program Files\Broadcom\WHL\syswow64;C:\Program Files\Broadcom\WHL\SysWow64\;C:\Program Files\Broadcom\WHL\SysWow64\syswow64;C:\Program Files (x86)\Common Files\Lenovo;C:\Program Files (x86)\Common Files\Ulead Systems\MPEG;C:\Program Files (x86)\Windows Live\Shared;C:\SWTOOLS\ReadyApps;C:\Program Files (x86)\Intel\Services\IPT\;C:\Program Files (x86)\Symantec\VIP Access Client\;C:\Program Files (x86)\Lenovo\Access Connections\;C:\Program Files\Common Files\Lenovo;C:\Program Files (x86)\cvsnt;C:\Program Files\MySQL\MySQL Server 5.5\bin;e:\apache-maven-3.0.3\bin;E:\apache-ant-1.8.2\bin;C:\Program Files (x86)\Notepad++\;C:\PROGRA~1\IBM\SQLLIB\BIN;C:\PROGRA~1\IBM\SQLLIB\FUNCTION;C:\PROGRA~1\IBM\SQLLIB\SAMPLES\REPL;C:\Program Files (x86)\QuickTime\QTSystem\;E:\Heroku\bin;C:\Program Files (x86)\ruby-1.9.2\bin;C:\Program Files (x86)\git\bin;C:\Program Files (x86)\git\cmd;C:\Program Files (x86)\Git\cmd;C:\Program Files\nodejs\;e:\apache-maven-3.0.3\bin;E:\apache-ant-1.8.2\bin;C:\Program Files (x86)\Notepad++\;C:\Users\LMS\Downloads\UnxUtils\usr\local\wbin;C:\Program Files (x86)\Vim\vim73;E:\RTC-Client-2.0-Win\jazz\scmtools\eclipse;C:\Users\LMS\AppData\Roaming\npm\;E:\spring-roo-1.2.2.RELEASE\bin;."/>
    <property name="java.specification.name" value="Java Platform API Specification"/>
    <property name="java.class.version" value="50.0"/>
    <property name="sun.management.compiler" value="HotSpot 64-Bit Tiered Compilers"/>
    <property name="os.version" value="6.1"/>
    <property name="user.home" value="C:\Users\LMS"/>
    <property name="user.timezone" value="Asia/Shanghai"/>
    <property name="java.awt.printerjob" value="sun.awt.windows.WPrinterJob"/>
    <property name="file.encoding" value="GBK"/>
    <property name="java.specification.version" value="1.6"/>
    <property name="user.name" value="LMS"/>
    <property name="java.class.path" value="e:\apache-maven-3.0.3\bin\..\boot\plexus-classworlds-2.4.jar"/>
    <property name="java.vm.specification.version" value="1.0"/>
    <property name="sun.arch.data.model" value="64"/>
    <property name="java.home" value="C:\Program Files\Java\jdk1.6.0_26\jre"/>
    <property name="sun.java.command" value="org.codehaus.plexus.classworlds.launcher.Launcher test"/>
    <property name="java.specification.vendor" value="Sun Microsystems Inc."/>
    <property name="user.language" value="zh"/>
    <property name="awt.toolkit" value="sun.awt.windows.WToolkit"/>
    <property name="java.vm.info" value="mixed mode"/>
    <property name="java.version" value="1.6.0_26"/>
    <property name="java.ext.dirs" value="C:\Program Files\Java\jdk1.6.0_26\jre\lib\ext;C:\Windows\Sun\Java\lib\ext"/>
    <property name="sun.boot.class.path" value="C:\Program Files\Java\jdk1.6.0_26\jre\lib\resources.jar;C:\Program Files\Java\jdk1.6.0_26\jre\lib\rt.jar;C:\Program Files\Java\jdk1.6.0_26\jre\lib\sunrsasign.jar;C:\Program Files\Java\jdk1.6.0_26\jre\lib\jsse.jar;C:\Program Files\Java\jdk1.6.0_26\jre\lib\jce.jar;C:\Program Files\Java\jdk1.6.0_26\jre\lib\charsets.jar;C:\Program Files\Java\jdk1.6.0_26\jre\lib\modules\jdk.boot.jar;C:\Program Files\Java\jdk1.6.0_26\jre\classes"/>
    <property name="java.vendor" value="Sun Microsystems Inc."/>
    <property name="maven.home" value="e:\apache-maven-3.0.3\bin\.."/>
    <property name="file.separator" value="\"/>
    <property name="java.vendor.url.bug" value="http://java.sun.com/cgi-bin/bugreport.cgi"/>
    <property name="sun.cpu.endian" value="little"/>
    <property name="sun.io.unicode.encoding" value="UnicodeLittle"/>
    <property name="sun.desktop" value="windows"/>
    <property name="sun.cpu.isalist" value="amd64"/>
  </properties>
  <testcase time="0.005" classname="com.tony.pizza.domain.ToppingIntegrationTest" name="testMarkerMethod"/>
  <testcase time="0.032" classname="com.tony.pizza.domain.ToppingIntegrationTest" name="testFlush"/>
  <testcase time="0.018" classname="com.tony.pizza.domain.ToppingIntegrationTest" name="testMergeUpdate"/>
  <testcase time="0.027" classname="com.tony.pizza.domain.ToppingIntegrationTest" name="testPersist"/>
  <testcase time="0.024" classname="com.tony.pizza.domain.ToppingIntegrationTest" name="testRemove"/>
  <testcase time="0.02" classname="com.tony.pizza.domain.ToppingIntegrationTest" name="testCountToppings"/>
  <testcase time="0.017" classname="com.tony.pizza.domain.ToppingIntegrationTest" name="testFindTopping"/>
  <testcase time="0.021" classname="com.tony.pizza.domain.ToppingIntegrationTest" name="testFindAllToppings"/>
  <testcase time="0.035" classname="com.tony.pizza.domain.ToppingIntegrationTest" name="testFindToppingEntries"/>
</testsuite>